2020-06-27 14:22:03,730 DEBUG [main] cache:45 - Couldn't find template in cache for "v3html/v3-html-index.ftl"("en", UTF-8, parsed); will try to load it.
2020-06-27 14:22:03,738 DEBUG [main] cache:45 - TemplateLoader.findTemplateSource("v3html/v3-html-index_en.ftl"): Not found
2020-06-27 14:22:03,742 DEBUG [main] cache:45 - TemplateLoader.findTemplateSource("v3html/v3-html-index.ftl"): Found
2020-06-27 14:22:03,744 DEBUG [main] cache:45 - Loading template for "v3html/v3-html-index.ftl"("en", UTF-8, parsed) from "jar:file:/C:/Users/meera/.m2/repository/com/aventstack/extentreports/4.0.8/extentreports-4.0.8.jar!/com/aventstack/extentreports/view/v3html/v3-html-index.ftl"
2020-06-27 14:22:04,091 DEBUG [main] cache:45 - Couldn't find template in cache for "v3html/v3-html-head.ftl"("en", UTF-8, parsed); will try to load it.
2020-06-27 14:22:04,093 DEBUG [main] cache:45 - TemplateLoader.findTemplateSource("v3html/v3-html-head_en.ftl"): Not found
2020-06-27 14:22:04,094 DEBUG [main] cache:45 - TemplateLoader.findTemplateSource("v3html/v3-html-head.ftl"): Found
2020-06-27 14:22:04,094 DEBUG [main] cache:45 - Loading template for "v3html/v3-html-head.ftl"("en", UTF-8, parsed) from "jar:file:/C:/Users/meera/.m2/repository/com/aventstack/extentreports/4.0.8/extentreports-4.0.8.jar!/com/aventstack/extentreports/view/v3html/v3-html-head.ftl"
2020-06-27 14:22:04,099 DEBUG [main] cache:45 - Couldn't find template in cache for "v3html/v3-html-nav.ftl"("en", UTF-8, parsed); will try to load it.
2020-06-27 14:22:04,101 DEBUG [main] cache:45 - TemplateLoader.findTemplateSource("v3html/v3-html-nav_en.ftl"): Not found
2020-06-27 14:22:04,102 DEBUG [main] cache:45 - TemplateLoader.findTemplateSource("v3html/v3-html-nav.ftl"): Found
2020-06-27 14:22:04,102 DEBUG [main] cache:45 - Loading template for "v3html/v3-html-nav.ftl"("en", UTF-8, parsed) from "jar:file:/C:/Users/meera/.m2/repository/com/aventstack/extentreports/4.0.8/extentreports-4.0.8.jar!/com/aventstack/extentreports/view/v3html/v3-html-nav.ftl"
2020-06-27 14:22:04,111 DEBUG [main] cache:45 - Couldn't find template in cache for "v3html/test-view/v3-html-test-view.ftl"("en", UTF-8, parsed); will try to load it.
2020-06-27 14:22:04,112 DEBUG [main] cache:45 - TemplateLoader.findTemplateSource("v3html/test-view/v3-html-test-view_en.ftl"): Not found
2020-06-27 14:22:04,113 DEBUG [main] cache:45 - TemplateLoader.findTemplateSource("v3html/test-view/v3-html-test-view.ftl"): Found
2020-06-27 14:22:04,114 DEBUG [main] cache:45 - Loading template for "v3html/test-view/v3-html-test-view.ftl"("en", UTF-8, parsed) from "jar:file:/C:/Users/meera/.m2/repository/com/aventstack/extentreports/4.0.8/extentreports-4.0.8.jar!/com/aventstack/extentreports/view/v3html/test-view/v3-html-test-view.ftl"
2020-06-27 14:22:04,126 DEBUG [main] cache:45 - Couldn't find template in cache for "v3html/test-view/v3-html-test-view-charts.ftl"("en", UTF-8, parsed); will try to load it.
2020-06-27 14:22:04,127 DEBUG [main] cache:45 - TemplateLoader.findTemplateSource("v3html/test-view/v3-html-test-view-charts_en.ftl"): Not found
2020-06-27 14:22:04,128 DEBUG [main] cache:45 - TemplateLoader.findTemplateSource("v3html/test-view/v3-html-test-view-charts.ftl"): Found
2020-06-27 14:22:04,128 DEBUG [main] cache:45 - Loading template for "v3html/test-view/v3-html-test-view-charts.ftl"("en", UTF-8, parsed) from "jar:file:/C:/Users/meera/.m2/repository/com/aventstack/extentreports/4.0.8/extentreports-4.0.8.jar!/com/aventstack/extentreports/view/v3html/test-view/v3-html-test-view-charts.ftl"
2020-06-27 14:22:04,140 DEBUG [main] cache:45 - Couldn't find template in cache for "v3html/test-view/v3-html-bdd.ftl"("en", UTF-8, parsed); will try to load it.
2020-06-27 14:22:04,141 DEBUG [main] cache:45 - TemplateLoader.findTemplateSource("v3html/test-view/v3-html-bdd_en.ftl"): Not found
2020-06-27 14:22:04,142 DEBUG [main] cache:45 - TemplateLoader.findTemplateSource("v3html/test-view/v3-html-bdd.ftl"): Found
2020-06-27 14:22:04,142 DEBUG [main] cache:45 - Loading template for "v3html/test-view/v3-html-bdd.ftl"("en", UTF-8, parsed) from "jar:file:/C:/Users/meera/.m2/repository/com/aventstack/extentreports/4.0.8/extentreports-4.0.8.jar!/com/aventstack/extentreports/view/v3html/test-view/v3-html-bdd.ftl"
2020-06-27 14:22:04,192 DEBUG [main] cache:45 - Couldn't find template in cache for "v3html/category-view/v3-html-category-view.ftl"("en", UTF-8, parsed); will try to load it.
2020-06-27 14:22:04,193 DEBUG [main] cache:45 - TemplateLoader.findTemplateSource("v3html/category-view/v3-html-category-view_en.ftl"): Not found
2020-06-27 14:22:04,194 DEBUG [main] cache:45 - TemplateLoader.findTemplateSource("v3html/category-view/v3-html-category-view.ftl"): Found
2020-06-27 14:22:04,194 DEBUG [main] cache:45 - Loading template for "v3html/category-view/v3-html-category-view.ftl"("en", UTF-8, parsed) from "jar:file:/C:/Users/meera/.m2/repository/com/aventstack/extentreports/4.0.8/extentreports-4.0.8.jar!/com/aventstack/extentreports/view/v3html/category-view/v3-html-category-view.ftl"
2020-06-27 14:22:04,206 DEBUG [main] cache:45 - Couldn't find template in cache for "v3html/exception-view/v3-html-exception-view.ftl"("en", UTF-8, parsed); will try to load it.
2020-06-27 14:22:04,208 DEBUG [main] cache:45 - TemplateLoader.findTemplateSource("v3html/exception-view/v3-html-exception-view_en.ftl"): Not found
2020-06-27 14:22:04,209 DEBUG [main] cache:45 - TemplateLoader.findTemplateSource("v3html/exception-view/v3-html-exception-view.ftl"): Found
2020-06-27 14:22:04,210 DEBUG [main] cache:45 - Loading template for "v3html/exception-view/v3-html-exception-view.ftl"("en", UTF-8, parsed) from "jar:file:/C:/Users/meera/.m2/repository/com/aventstack/extentreports/4.0.8/extentreports-4.0.8.jar!/com/aventstack/extentreports/view/v3html/exception-view/v3-html-exception-view.ftl"
2020-06-27 14:22:04,221 DEBUG [main] cache:45 - Couldn't find template in cache for "v3html/author-view/v3-html-author-view.ftl"("en", UTF-8, parsed); will try to load it.
2020-06-27 14:22:04,222 DEBUG [main] cache:45 - TemplateLoader.findTemplateSource("v3html/author-view/v3-html-author-view_en.ftl"): Not found
2020-06-27 14:22:04,223 DEBUG [main] cache:45 - TemplateLoader.findTemplateSource("v3html/author-view/v3-html-author-view.ftl"): Found
2020-06-27 14:22:04,224 DEBUG [main] cache:45 - Loading template for "v3html/author-view/v3-html-author-view.ftl"("en", UTF-8, parsed) from "jar:file:/C:/Users/meera/.m2/repository/com/aventstack/extentreports/4.0.8/extentreports-4.0.8.jar!/com/aventstack/extentreports/view/v3html/author-view/v3-html-author-view.ftl"
2020-06-27 14:22:04,227 DEBUG [main] cache:45 - Couldn't find template in cache for "v3html/dashboard-view/v3-html-dashboard-view.ftl"("en", UTF-8, parsed); will try to load it.
2020-06-27 14:22:04,230 DEBUG [main] cache:45 - TemplateLoader.findTemplateSource("v3html/dashboard-view/v3-html-dashboard-view_en.ftl"): Not found
2020-06-27 14:22:04,232 DEBUG [main] cache:45 - TemplateLoader.findTemplateSource("v3html/dashboard-view/v3-html-dashboard-view.ftl"): Found
2020-06-27 14:22:04,234 DEBUG [main] cache:45 - Loading template for "v3html/dashboard-view/v3-html-dashboard-view.ftl"("en", UTF-8, parsed) from "jar:file:/C:/Users/meera/.m2/repository/com/aventstack/extentreports/4.0.8/extentreports-4.0.8.jar!/com/aventstack/extentreports/view/v3html/dashboard-view/v3-html-dashboard-view.ftl"
2020-06-27 14:22:04,240 DEBUG [main] cache:45 - Couldn't find template in cache for "v3html/logs-view/v3-html-testrunner-logs-view.ftl"("en", UTF-8, parsed); will try to load it.
2020-06-27 14:22:04,242 DEBUG [main] cache:45 - TemplateLoader.findTemplateSource("v3html/logs-view/v3-html-testrunner-logs-view_en.ftl"): Not found
2020-06-27 14:22:04,244 DEBUG [main] cache:45 - TemplateLoader.findTemplateSource("v3html/logs-view/v3-html-testrunner-logs-view.ftl"): Found
2020-06-27 14:22:04,245 DEBUG [main] cache:45 - Loading template for "v3html/logs-view/v3-html-testrunner-logs-view.ftl"("en", UTF-8, parsed) from "jar:file:/C:/Users/meera/.m2/repository/com/aventstack/extentreports/4.0.8/extentreports-4.0.8.jar!/com/aventstack/extentreports/view/v3html/logs-view/v3-html-testrunner-logs-view.ftl"
